----------------------------------------
ActivityId: cd786d66-d3f7-4dde-ae3a-64df19147b9f

Timestamp: 1/25/2019 8:34:26 AM

Message: Bad Request (400)
Error: Bad Request (400)
    at XMLHttpRequest.s.onload [as __zone_symbol__ON_PROPERTYload] (http://localhost:9393/adminapp/vendors.73c3e7af91de2fb2bdd0.bundle.js:1:556197)
    at XMLHttpRequest.j (http://localhost:9393/adminapp/vendors.73c3e7af91de2fb2bdd0.bundle.js:1:1499227)
    at t.invokeTask (http://localhost:9393/adminapp/vendors.73c3e7af91de2fb2bdd0.bundle.js:1:1490537)
    at Object.onInvokeTask (http://localhost:9393/adminapp/app.be82abc013ae024e4e18.bundle.js:1:167032)
    at t.invokeTask (http://localhost:9393/adminapp/vendors.73c3e7af91de2fb2bdd0.bundle.js:1:1490458)
    at e.runTask (http://localhost:9393/adminapp/vendors.73c3e7af91de2fb2bdd0.bundle.js:1:1485711)
    at e.invokeTask [as invoke] (http://localhost:9393/adminapp/vendors.73c3e7af91de2fb2bdd0.bundle.js:1:1491651)
    at g (http://localhost:9393/adminapp/vendors.73c3e7af91de2fb2bdd0.bundle.js:1:1502345)
    at XMLHttpRequest.b (http://localhost:9393/adminapp/vendors.73c3e7af91de2fb2bdd0.bundle.js:1:1502587)

Category: WebClientLog

Priority: -1

EventId: 1

Severity: Information

Title:

Machine: DESKTOP-CVFTB97

App Domain: /LM/W3SVC/1/ROOT-3-131928787772662579

ProcessId: 21152

Process Name: C:\Program Files (x86)\IIS Express\IISExpress.exe

Thread Name: 

Win32 ThreadId:12524

Extended Properties: 
----------------------------------------
----------------------------------------
ActivityId: afc6e77d-af99-4a2b-8280-88b8651acc98

Timestamp: 1/25/2019 8:34:37 AM

Message: Bad Request (400)
Error: Bad Request (400)
    at XMLHttpRequest.s.onload [as __zone_symbol__ON_PROPERTYload] (http://localhost:9393/adminapp/vendors.73c3e7af91de2fb2bdd0.bundle.js:1:556197)
    at XMLHttpRequest.j (http://localhost:9393/adminapp/vendors.73c3e7af91de2fb2bdd0.bundle.js:1:1499227)
    at t.invokeTask (http://localhost:9393/adminapp/vendors.73c3e7af91de2fb2bdd0.bundle.js:1:1490537)
    at Object.onInvokeTask (http://localhost:9393/adminapp/app.be82abc013ae024e4e18.bundle.js:1:167032)
    at t.invokeTask (http://localhost:9393/adminapp/vendors.73c3e7af91de2fb2bdd0.bundle.js:1:1490458)
    at e.runTask (http://localhost:9393/adminapp/vendors.73c3e7af91de2fb2bdd0.bundle.js:1:1485711)
    at e.invokeTask [as invoke] (http://localhost:9393/adminapp/vendors.73c3e7af91de2fb2bdd0.bundle.js:1:1491651)
    at g (http://localhost:9393/adminapp/vendors.73c3e7af91de2fb2bdd0.bundle.js:1:1502345)
    at XMLHttpRequest.b (http://localhost:9393/adminapp/vendors.73c3e7af91de2fb2bdd0.bundle.js:1:1502587)

Category: WebClientLog

Priority: -1

EventId: 1

Severity: Information

Title:

Machine: DESKTOP-CVFTB97

App Domain: /LM/W3SVC/1/ROOT-3-131928787772662579

ProcessId: 21152

Process Name: C:\Program Files (x86)\IIS Express\IISExpress.exe

Thread Name: 

Win32 ThreadId:7576

Extended Properties: 
----------------------------------------
----------------------------------------
ActivityId: cb02aa05-522b-484f-9544-10c060c21dbc

Timestamp: 1/25/2019 8:50:45 AM

Message: Bad Request (400)
Error: Bad Request (400)
    at XMLHttpRequest.s.onload [as __zone_symbol__ON_PROPERTYload] (http://localhost:9393/adminapp/vendors.73c3e7af91de2fb2bdd0.bundle.js:1:556197)
    at XMLHttpRequest.j (http://localhost:9393/adminapp/vendors.73c3e7af91de2fb2bdd0.bundle.js:1:1499227)
    at t.invokeTask (http://localhost:9393/adminapp/vendors.73c3e7af91de2fb2bdd0.bundle.js:1:1490537)
    at Object.onInvokeTask (http://localhost:9393/adminapp/app.be82abc013ae024e4e18.bundle.js:1:167032)
    at t.invokeTask (http://localhost:9393/adminapp/vendors.73c3e7af91de2fb2bdd0.bundle.js:1:1490458)
    at e.runTask (http://localhost:9393/adminapp/vendors.73c3e7af91de2fb2bdd0.bundle.js:1:1485711)
    at e.invokeTask [as invoke] (http://localhost:9393/adminapp/vendors.73c3e7af91de2fb2bdd0.bundle.js:1:1491651)
    at g (http://localhost:9393/adminapp/vendors.73c3e7af91de2fb2bdd0.bundle.js:1:1502345)
    at XMLHttpRequest.b (http://localhost:9393/adminapp/vendors.73c3e7af91de2fb2bdd0.bundle.js:1:1502587)

Category: WebClientLog

Priority: -1

EventId: 1

Severity: Information

Title:

Machine: DESKTOP-CVFTB97

App Domain: /LM/W3SVC/1/ROOT-4-131928792907989845

ProcessId: 21152

Process Name: C:\Program Files (x86)\IIS Express\IISExpress.exe

Thread Name: 

Win32 ThreadId:20296

Extended Properties: 
----------------------------------------
----------------------------------------
ActivityId: 38fda805-e8ef-46ff-bc27-965893a45e01

Timestamp: 1/25/2019 8:51:40 AM

Message: Bad Request (400)
Error: Bad Request (400)
    at XMLHttpRequest.s.onload [as __zone_symbol__ON_PROPERTYload] (http://localhost:9393/adminapp/vendors.73c3e7af91de2fb2bdd0.bundle.js:1:556197)
    at XMLHttpRequest.j (http://localhost:9393/adminapp/vendors.73c3e7af91de2fb2bdd0.bundle.js:1:1499227)
    at t.invokeTask (http://localhost:9393/adminapp/vendors.73c3e7af91de2fb2bdd0.bundle.js:1:1490537)
    at Object.onInvokeTask (http://localhost:9393/adminapp/app.be82abc013ae024e4e18.bundle.js:1:167032)
    at t.invokeTask (http://localhost:9393/adminapp/vendors.73c3e7af91de2fb2bdd0.bundle.js:1:1490458)
    at e.runTask (http://localhost:9393/adminapp/vendors.73c3e7af91de2fb2bdd0.bundle.js:1:1485711)
    at e.invokeTask [as invoke] (http://localhost:9393/adminapp/vendors.73c3e7af91de2fb2bdd0.bundle.js:1:1491651)
    at g (http://localhost:9393/adminapp/vendors.73c3e7af91de2fb2bdd0.bundle.js:1:1502345)
    at XMLHttpRequest.b (http://localhost:9393/adminapp/vendors.73c3e7af91de2fb2bdd0.bundle.js:1:1502587)

Category: WebClientLog

Priority: -1

EventId: 1

Severity: Information

Title:

Machine: DESKTOP-CVFTB97

App Domain: /LM/W3SVC/1/ROOT-4-131928792907989845

ProcessId: 21152

Process Name: C:\Program Files (x86)\IIS Express\IISExpress.exe

Thread Name: 

Win32 ThreadId:13784

Extended Properties: 
----------------------------------------
----------------------------------------
ActivityId: 65eb98bb-db0c-411c-babc-1603e546ea4a

Timestamp: 1/25/2019 8:54:08 AM

Message: Bad Request (400)
Error: Bad Request (400)
    at XMLHttpRequest.s.onload [as __zone_symbol__ON_PROPERTYload] (http://localhost:9393/adminapp/vendors.73c3e7af91de2fb2bdd0.bundle.js:1:556197)
    at XMLHttpRequest.j (http://localhost:9393/adminapp/vendors.73c3e7af91de2fb2bdd0.bundle.js:1:1499227)
    at t.invokeTask (http://localhost:9393/adminapp/vendors.73c3e7af91de2fb2bdd0.bundle.js:1:1490537)
    at Object.onInvokeTask (http://localhost:9393/adminapp/app.be82abc013ae024e4e18.bundle.js:1:167032)
    at t.invokeTask (http://localhost:9393/adminapp/vendors.73c3e7af91de2fb2bdd0.bundle.js:1:1490458)
    at e.runTask (http://localhost:9393/adminapp/vendors.73c3e7af91de2fb2bdd0.bundle.js:1:1485711)
    at e.invokeTask [as invoke] (http://localhost:9393/adminapp/vendors.73c3e7af91de2fb2bdd0.bundle.js:1:1491651)
    at g (http://localhost:9393/adminapp/vendors.73c3e7af91de2fb2bdd0.bundle.js:1:1502345)
    at XMLHttpRequest.b (http://localhost:9393/adminapp/vendors.73c3e7af91de2fb2bdd0.bundle.js:1:1502587)

Category: WebClientLog

Priority: -1

EventId: 1

Severity: Information

Title:

Machine: DESKTOP-CVFTB97

App Domain: /LM/W3SVC/1/ROOT-4-131928792907989845

ProcessId: 21152

Process Name: C:\Program Files (x86)\IIS Express\IISExpress.exe

Thread Name: 

Win32 ThreadId:24028

Extended Properties: 
----------------------------------------
----------------------------------------
ActivityId: 9a15b1a3-a59f-4677-a388-8bcd191cb6a7

Timestamp: 1/25/2019 8:56:00 AM

Message: Bad Request (400)
Error: Bad Request (400)
    at XMLHttpRequest.s.onload [as __zone_symbol__ON_PROPERTYload] (http://localhost:9393/adminapp/vendors.73c3e7af91de2fb2bdd0.bundle.js:1:556197)
    at XMLHttpRequest.j (http://localhost:9393/adminapp/vendors.73c3e7af91de2fb2bdd0.bundle.js:1:1499227)
    at t.invokeTask (http://localhost:9393/adminapp/vendors.73c3e7af91de2fb2bdd0.bundle.js:1:1490537)
    at Object.onInvokeTask (http://localhost:9393/adminapp/app.be82abc013ae024e4e18.bundle.js:1:167032)
    at t.invokeTask (http://localhost:9393/adminapp/vendors.73c3e7af91de2fb2bdd0.bundle.js:1:1490458)
    at e.runTask (http://localhost:9393/adminapp/vendors.73c3e7af91de2fb2bdd0.bundle.js:1:1485711)
    at e.invokeTask [as invoke] (http://localhost:9393/adminapp/vendors.73c3e7af91de2fb2bdd0.bundle.js:1:1491651)
    at g (http://localhost:9393/adminapp/vendors.73c3e7af91de2fb2bdd0.bundle.js:1:1502345)
    at XMLHttpRequest.b (http://localhost:9393/adminapp/vendors.73c3e7af91de2fb2bdd0.bundle.js:1:1502587)

Category: WebClientLog

Priority: -1

EventId: 1

Severity: Information

Title:

Machine: DESKTOP-CVFTB97

App Domain: /LM/W3SVC/1/ROOT-4-131928792907989845

ProcessId: 21152

Process Name: C:\Program Files (x86)\IIS Express\IISExpress.exe

Thread Name: 

Win32 ThreadId:20548

Extended Properties: 
----------------------------------------
